=========================-basic_test-=========================
________________________________
[[<tf.Operation 'input/Ob' type=Placeholder>], [<tf.Operation 'input/Ob' type=Placeholder>]]
________________________________
inputVars len = 60
outputVars = [60 61]
outputVars len = 2
network outputVars = [60 61]
outputVars[0]  = 60
outputVars[0].type  = <class 'numpy.int32'>
[0, 1, 2, 3, 4, 5, 6, 7, 8, 9, 10, 11, 12, 13, 14, 15, 16, 17, 18, 19, 20, 21, 22, 23, 24, 25, 26, 27, 28, 29, 30, 31, 32, 33, 34, 35, 36, 37, 38, 39, 40, 41, 42, 43, 44, 45, 46, 47, 48, 49, 50, 51, 52, 53, 54, 55, 56, 57, 58, 59]
my inputs: [[0 0 0 0 0 0 0 0 0 0 1 1 1 1 1 1 1 1 1 1 1 1 1 1 1 1 1 1 1 1]]
Evaluating network
network output for my inputs(MY): [-11.008668]

Marabou results:

num vars =  354
SAT
input 0 = -0.01
input 0 = -0.01
input 0 = -0.01
input 0 = -0.01
input 0 = -0.01
input 0 = -0.01
input 0 = -0.01
input 0 = -0.01
input 0 = -0.01
input 0 = -0.01
input 0 = 1.0
input 0 = 1.0
input 0 = 1.0
input 0 = 1.0
input 0 = 1.0
input 0 = 1.0
input 0 = 1.0
input 0 = 1.0
input 0 = 1.0
input 0 = 1.0
input 0 = 1.0
input 0 = 1.0
input 0 = 1.0
input 0 = 1.0
input 0 = 1.0
input 0 = 1.0
input 0 = 1.0
input 0 = 1.0
input 0 = 1.0
input 0 = 1.0
input 0 = -0.01
input 0 = -0.01
input 0 = -0.01
input 0 = -0.01
input 0 = -0.01
input 0 = -0.01
input 0 = -0.01
input 0 = -0.01
input 0 = -0.01
input 0 = -0.01
input 0 = 1.0
input 0 = 1.0
input 0 = 1.0
input 0 = 1.0
input 0 = 1.0
input 0 = 1.0
input 0 = 1.0
input 0 = 1.0
input 0 = 1.0
input 0 = 1.0
input 0 = 2.0
input 0 = 2.0
input 0 = 2.0
input 0 = 2.0
input 0 = 2.0
input 0 = 2.0
input 0 = 2.0
input 0 = 2.0
input 0 = 2.0
input 0 = 2.0
output 0 = -10.990006312351326
output 1 = -18.802776377358526
{0: -0.01, 1: -0.01, 2: -0.01, 3: -0.01, 4: -0.01, 5: -0.01, 6: -0.01, 7: -0.01, 8: -0.01, 9: -0.01, 10: 1.0, 11: 1.0, 12: 1.0, 13: 1.0, 14: 1.0, 15: 1.0, 16: 1.0, 17: 1.0, 18: 1.0, 19: 1.0, 20: 1.0, 21: 1.0, 22: 1.0, 23: 1.0, 24: 1.0, 25: 1.0, 26: 1.0, 27: 1.0, 28: 1.0, 29: 1.0, 30: -0.01, 31: -0.01, 32: -0.01, 33: -0.01, 34: -0.01, 35: -0.01, 36: -0.01, 37: -0.01, 38: -0.01, 39: -0.01, 40: 1.0, 41: 1.0, 42: 1.0, 43: 1.0, 44: 1.0, 45: 1.0, 46: 1.0, 47: 1.0, 48: 1.0, 49: 1.0, 50: 2.0, 51: 2.0, 52: 2.0, 53: 2.0, 54: 2.0, 55: 2.0, 56: 2.0, 57: 2.0, 58: 2.0, 59: 2.0, 60: -10.990006312351326, 61: -18.802776377358526, 62: 0.0, 63: 0.0, 64: 0.0, 65: 0.0, 66: 0.0, 67: 0.0, 68: 0.0, 69: 0.0, 70: 0.0, 71: 0.0, 72: 0.0, 73: 0.0, 74: 0.0, 75: 0.0, 76: 0.0, 77: 0.0, 78: 0.0, 79: 0.0, 80: 0.0, 81: 0.0, 82: 0.0, 83: 0.0, 84: 0.0, 85: 0.0, 86: 0.0, 87: 0.0, 88: 0.0, 89: 0.0, 90: 0.0, 91: 0.0, 92: 0.0, 93: 0.0, 94: 7.356591432522983, 95: -0.09061350420117376, 96: 0.135560205951333, 97: -3.9643406903371217, 98: -0.49852874780073764, 99: -0.8564118432067334, 100: 8.635912235230208, 101: -0.32885524980723857, 102: -0.6835923289600759, 103: -1.6536554902233185, 104: -1.7614599446952344, 105: -5.144392681894824, 106: 1.4274173525720835, 107: -1.165050166147994, 108: -0.04416256848722688, 109: -1.6171342229656875, 110: -2.54912395760417, 111: 9.533474035337568, 112: -1.6151203651353718, 113: -1.2697008483484387, 114: -0.5549377877125516, 115: -2.1853713898360727, 116: 5.824262529849075, 117: -1.1674129401147366, 118: -0.6843569028098138, 119: 1.856514083314687, 120: -2.865890777297318, 121: -1.5483854211866857, 122: 5.1687666285038, 123: -5.7688787262141705, 124: -0.8816899111960084, 125: 0.15732102865353226, 126: 7.356591432522983, 127: 0.0, 128: 0.135560205951333, 129: 0.0, 130: 0.0, 131: 0.0, 132: 8.635912235230208, 133: 0.0, 134: 0.0, 135: 0.0, 136: 0.0, 137: 0.0, 138: 1.4274173525720835, 139: 0.0, 140: 0.0, 141: 0.0, 142: 0.0, 143: 9.533474035337568, 144: 0.0, 145: 0.0, 146: 0.0, 147: 0.0, 148: 5.824262529849075, 149: 0.0, 150: 0.0, 151: 1.856514083314687, 152: 0.0, 153: 0.0, 154: 5.1687666285038, 155: 0.0, 156: 0.0, 157: 0.15732102865353226, 158: 0.0, 159: 0.0, 160: 0.0, 161: 0.0, 162: 0.0, 163: 0.0, 164: 0.0, 165: 0.0, 166: 0.0, 167: 0.0, 168: 0.0, 169: 0.0, 170: 0.0, 171: 0.0, 172: 0.0, 173: 0.0, 174: 0.6440630008471924, 175: 2.1645589120680304, 176: 0.08405621081959727, 177: 10.15498029056504, 178: -8.624034394794455, 179: -2.964522522726736, 180: 6.7640734945960075, 181: -7.981816123717883, 182: 12.938157396378264, 183: 2.2807791000242887, 184: 17.343476265613308, 185: -1.035379791457213, 186: -3.609602851845095, 187: 7.879088789907183, 188: 4.4276790953059875, 189: -2.360258852863394, 190: 0.6440630008471924, 191: 2.1645589120680304, 192: 0.08405621081959727, 193: 10.15498029056504, 194: 0.0, 195: 0.0, 196: 6.7640734945960075, 197: 0.0, 198: 12.938157396378264, 199: 2.2807791000242887, 200: 17.343476265613308, 201: 0.0, 202: 0.0, 203: 7.879088789907183, 204: 4.4276790953059875, 205: 0.0, 206: 0.0, 207: 0.0, 208: 0.0, 209: 0.0, 210: 0.0, 211: 0.0, 212: 0.0, 213: 0.0, 214: 0.0, 215: 0.0, 216: 0.0, 217: 0.0, 218: 0.0, 219: 0.0, 220: 0.0, 221: 0.0, 222: 0.0, 223: 0.0, 224: 0.0, 225: 0.0, 226: 0.0, 227: 0.0, 228: 0.0, 229: 0.0, 230: 0.0, 231: 0.0, 232: 0.0, 233: 0.0, 234: 0.0, 235: 0.0, 236: 0.0, 237: 0.0, 238: 0.0, 239: 13.038231878709048, 240: -0.813391322530806, 241: 0.32284088693559165, 242: -6.129338875226677, 243: -0.4408125942386687, 244: -1.4909992410056292, 245: 13.223849500864745, 246: 0.18121790535748006, 247: -0.71896630727686, 248: -2.8211995887942614, 249: -2.1640381560847164, 250: -9.815769655285402, 251: 3.0345544412359597, 252: -1.8939599776477554, 253: -1.5629037719592453, 254: -3.701211730223149, 255: -5.210805512815714, 256: 16.395679823830726, 257: -3.1783293772861363, 258: -1.4846282711625098, 259: 0.09877361693885178, 260: -2.7511279454827307, 261: 10.050401067598722, 262: -2.240533377677202, 263: -1.6215109711885451, 264: 2.7664007377810775, 265: -5.172246052511037, 266: -2.5326925314962865, 267: 9.336832846999169, 268: -9.653082502931357, 269: -0.9997716485057027, 270: 0.046948910001665345, 271: 13.038231878709048, 272: 0.0, 273: 0.32284088693559165, 274: 0.0, 275: 0.0, 276: 0.0, 277: 13.223849500864745, 278: 0.18121790535748006, 279: 0.0, 280: 0.0, 281: 0.0, 282: 0.0, 283: 3.0345544412359597, 284: 0.0, 285: 0.0, 286: 0.0, 287: 0.0, 288: 16.395679823830726, 289: 0.0, 290: 0.0, 291: 0.09877361693885178, 292: 0.0, 293: 10.050401067598722, 294: 0.0, 295: 0.0, 296: 2.7664007377810775, 297: 0.0, 298: 0.0, 299: 9.336832846999169, 300: 0.0, 301: 0.0, 302: 0.046948910001665345, 303: 0.0, 304: 0.0, 305: 0.0, 306: 0.0, 307: 0.0, 308: 0.0, 309: 0.0, 310: 0.0, 311: 0.0, 312: 0.0, 313: 0.0, 314: 0.0, 315: 0.0, 316: 0.0, 317: 0.0, 318: 0.0, 319: 1.4926198608335457, 320: 3.453628406372501, 321: -0.22930145882340056, 322: 16.889996287240283, 323: -14.510355209112936, 324: -4.627596962470705, 325: 10.868398402699349, 326: -13.961768734663277, 327: 21.647629575705587, 328: 4.359437175585465, 329: 29.63080120516552, 330: -2.0353347955645185, 331: -6.10703838159145, 332: 13.48505885514616, 333: 7.618140561069725, 334: -4.450272980330173, 335: 1.4926198608335457, 336: 3.453628406372501, 337: 0.0, 338: 16.889996287240283, 339: 0.0, 340: 0.0, 341: 10.868398402699349, 342: 0.0, 343: 21.647629575705587, 344: 4.359437175585465, 345: 29.63080120516552, 346: 0.0, 347: 0.0, 348: 13.48505885514616, 349: 7.618140561069725, 350: 0.0, 351: 0.0, 352: -0.01, 353: -0.0}
marabou solve run result: SAT 
Engine::processInputQuery: Input query (before preprocessing): 138 equations, 354 variables
Engine::processInputQuery: Input query (after preprocessing): 214 equations, 216 variables

Input bounds:


Engine::solve: Initial statistics

12:20:06 Statistics update:
	--- Time Statistics ---
	Total time elapsed: 39 milli (00:00:00)
		Main loop: 0 milli (00:00:00)
		Preprocessing time: 37 milli (00:00:00)
		Unknown: 1 milli (00:00:00)
	Breakdown for main loop:
		[0.00%] Simplex steps: 0 milli
		[0.00%] Explicit-basis bound tightening: 0 milli
		[0.00%] Constraint-matrix bound tightening: 0 milli
		[0.00%] Degradation checking: 0 milli
		[0.00%] Precision restoration: 0 milli
		[0.00%] Statistics handling: 0 milli
		[0.00%] Constraint-fixing steps: 0 milli
		[0.00%] Valid case splits: 0 milli. Average per split: 0.00 milli
		[0.00%] Applying stored bound-tightening: 0 milli
		[0.00%] SMT core: 0 milli
		[0.00%] Symbolic Bound Tightening: 0 milli
		[0.00%] Unaccounted for: 0 milli
	--- Preprocessor Statistics ---
	Number of preprocessor bound-tightening loop iterations: 5
	Number of eliminated variables: 234
	Number of constraints removed due to variable elimination: 96
	Number of equations removed due to variable elimination: 0
	--- Engine Statistics ---
	Number of main loop iterations: 0
		0 iterations were simplex steps. Total time: 0 milli. Average: 0.00 milli.
		0 iterations were constraint-fixing steps. Total time: 0 milli. Average: 0.00 milli
	Number of active piecewise-linear constraints: 0 / 0
		Constraints disabled by valid splits: 0. By SMT-originated splits: 0
	Last reported degradation: 0.0000000000. Max degradation so far: 0.0000000000. Restorations so far: 0
	Number of simplex pivots we attempted to skip because of instability: 0.
	Unstable pivots performed anyway: 0
	--- Tableau Statistics ---
	Total number of pivots performed: 0
		Real pivots: 0. Degenerate: 0 (0.00%)
		Degenerate pivots by request (e.g., to fix a PL constraint): 0 (0.00%)
		Average time per pivot: 0.00 milli
	Total number of fake pivots performed: 0
	Total number of rows added: 0. Number of merged columns: 0
	Current tableau dimensions: M = 214, N = 430
	--- SMT Core Statistics ---
	Total depth is 0. Total visited states: 1. Number of splits: 0. Number of pops: 0
	Max stack depth: 0
	--- Bound Tightening Statistics ---
	Number of tightened bounds: 0.
		Number of rows examined by row tightener: 0. Consequent tightenings: 0
		Number of explicit basis matrices examined by row tightener: 0. Consequent tightenings: 0
		Number of bound tightening rounds on the entire constraint matrix: 0. Consequent tightenings: 0
		Number of bound notifications sent to PL constraints: 0. Tightenings proposed: 0
	--- Basis Factorization statistics ---
	Number of basis refactorizations: 2
	--- Projected Steepest Edge Statistics ---
	Number of iterations: 0.
	Number of resets to reference space: 1. Avg. iterations per reset: 0
	--- SBT ---
	Number of tightened bounds: 0

---

Engine::solve: SAT assignment found

12:20:06 Statistics update:
	--- Time Statistics ---
	Total time elapsed: 40 milli (00:00:00)
		Main loop: 0 milli (00:00:00)
		Preprocessing time: 37 milli (00:00:00)
		Unknown: 2 milli (00:00:00)
	Breakdown for main loop:
		[0.00%] Simplex steps: 0 milli
		[0.00%] Explicit-basis bound tightening: 1 milli
		[0.00%] Constraint-matrix bound tightening: 0 milli
		[0.00%] Degradation checking: 0 milli
		[0.00%] Precision restoration: 0 milli
		[0.00%] Statistics handling: 0 milli
		[0.00%] Constraint-fixing steps: 0 milli
		[0.00%] Valid case splits: 0 milli. Average per split: 0.00 milli
		[0.00%] Applying stored bound-tightening: 0 milli
		[0.00%] SMT core: 0 milli
		[0.00%] Symbolic Bound Tightening: 0 milli
		[0.00%] Unaccounted for: 0 milli
	--- Preprocessor Statistics ---
	Number of preprocessor bound-tightening loop iterations: 5
	Number of eliminated variables: 234
	Number of constraints removed due to variable elimination: 96
	Number of equations removed due to variable elimination: 0
	--- Engine Statistics ---
	Number of main loop iterations: 2
		0 iterations were simplex steps. Total time: 0 milli. Average: 0.00 milli.
		0 iterations were constraint-fixing steps. Total time: 0 milli. Average: 0.00 milli
	Number of active piecewise-linear constraints: 0 / 0
		Constraints disabled by valid splits: 0. By SMT-originated splits: 0
	Last reported degradation: 0.0000000000. Max degradation so far: 0.0000000000. Restorations so far: 0
	Number of simplex pivots we attempted to skip because of instability: 0.
	Unstable pivots performed anyway: 0
	--- Tableau Statistics ---
	Total number of pivots performed: 0
		Real pivots: 0. Degenerate: 0 (0.00%)
		Degenerate pivots by request (e.g., to fix a PL constraint): 0 (0.00%)
		Average time per pivot: 0.00 milli
	Total number of fake pivots performed: 0
	Total number of rows added: 0. Number of merged columns: 0
	Current tableau dimensions: M = 214, N = 430
	--- SMT Core Statistics ---
	Total depth is 0. Total visited states: 1. Number of splits: 0. Number of pops: 0
	Max stack depth: 0
	--- Bound Tightening Statistics ---
	Number of tightened bounds: 0.
		Number of rows examined by row tightener: 0. Consequent tightenings: 0
		Number of explicit basis matrices examined by row tightener: 1. Consequent tightenings: 388
		Number of bound tightening rounds on the entire constraint matrix: 0. Consequent tightenings: 0
		Number of bound notifications sent to PL constraints: 0. Tightenings proposed: 0
	--- Basis Factorization statistics ---
	Number of basis refactorizations: 2
	--- Projected Steepest Edge Statistics ---
	Number of iterations: 0.
	Number of resets to reference space: 1. Avg. iterations per reset: 0
	--- SBT ---
	Number of tightened bounds: 0
